<?xml version="1.0" encoding="UTF-8"?>
<testng-results ignored="7" total="13" passed="5" failed="1" skipped="0">
  <reporter-output>
  </reporter-output>
  <suite started-at="2023-03-04T11:56:57 IST" name="All Test Suite" finished-at="2023-03-04T11:57:49 IST" duration-ms="52404">
    <groups>
    </groups>
    <test started-at="2023-03-04T11:56:57 IST" name="C:/Users/atulk/IdeaProjects/TestNG-java" finished-at="2023-03-04T11:57:49 IST" duration-ms="52404">
      <class name="com.bridgelabz.LinkedinLogin">
        <test-method signature="login()[pri:0, instance:com.bridgelabz.LinkedinLogin@29d89d5d]" started-at="2023-03-04T11:57:21 IST" name="login" description="To login into linked with valid user credentials" finished-at="2023-03-04T11:57:42 IST" duration-ms="21537" status="FAIL">
          <exception class="org.openqa.selenium.NoSuchElementException">
            <message>
              <![CDATA[no such element: Unable to locate element: {"method":"css selector","selector":"#session_key"}
  (Session info: chrome=110.0.5481.178)
For documentation on this error, please visit: https://selenium.dev/exceptions/#no_such_element
Build info: version: '4.8.0', revision: '267030adea'
System info: os.name: 'Windows 11', os.arch: 'amd64', os.version: '10.0', java.version: '11.0.17'
Driver info: org.openqa.selenium.chrome.ChromeDriver
Command: [5d7b9d55c8378a609c6487f5bfd9290b, findElement {using=id, value=session_key}]
Capabilities {acceptInsecureCerts: false, browserName: chrome, browserVersion: 110.0.5481.178, chrome: {chromedriverVersion: 110.0.5481.77 (65ed616c6e8e..., userDataDir: C:\Users\atulk\AppData\Loca...}, goog:chromeOptions: {debuggerAddress: localhost:54747}, networkConnectionEnabled: false, pageLoadStrategy: normal, platformName: WINDOWS, proxy: Proxy(), se:cdp: ws://localhost:54747/devtoo..., se:cdpVersion: 110.0.5481.178, setWindowRect: true, strictFileInteractability: false, timeouts: {implicit: 0, pageLoad: 300000, script: 30000}, unhandledPromptBehavior: dismiss and notify, webauthn:extension:credBlob: true, webauthn:extension:largeBlob: true, webauthn:virtualAuthenticators: true}
Session ID: 5d7b9d55c8378a609c6487f5bfd9290b]]>
            </message>
            <full-stacktrace>
              <![CDATA[org.openqa.selenium.NoSuchElementException: no such element: Unable to locate element: {"method":"css selector","selector":"#session_key"}
  (Session info: chrome=110.0.5481.178)
For documentation on this error, please visit: https://selenium.dev/exceptions/#no_such_element
Build info: version: '4.8.0', revision: '267030adea'
System info: os.name: 'Windows 11', os.arch: 'amd64', os.version: '10.0', java.version: '11.0.17'
Driver info: org.openqa.selenium.chrome.ChromeDriver
Command: [5d7b9d55c8378a609c6487f5bfd9290b, findElement {using=id, value=session_key}]
Capabilities {acceptInsecureCerts: false, browserName: chrome, browserVersion: 110.0.5481.178, chrome: {chromedriverVersion: 110.0.5481.77 (65ed616c6e8e..., userDataDir: C:\Users\atulk\AppData\Loca...}, goog:chromeOptions: {debuggerAddress: localhost:54747}, networkConnectionEnabled: false, pageLoadStrategy: normal, platformName: WINDOWS, proxy: Proxy(), se:cdp: ws://localhost:54747/devtoo..., se:cdpVersion: 110.0.5481.178, setWindowRect: true, strictFileInteractability: false, timeouts: {implicit: 0, pageLoad: 300000, script: 30000}, unhandledPromptBehavior: dismiss and notify, webauthn:extension:credBlob: true, webauthn:extension:largeBlob: true, webauthn:virtualAuthenticators: true}
Session ID: 5d7b9d55c8378a609c6487f5bfd9290b
at java.base/jdk.internal.reflect.NativeConstructorAccessorImpl.newInstance0(Native Method)
at java.base/jdk.internal.reflect.NativeConstructorAccessorImpl.newInstance(NativeConstructorAccessorImpl.java:62)
at java.base/jdk.internal.reflect.DelegatingConstructorAccessorImpl.newInstance(DelegatingConstructorAccessorImpl.java:45)
at java.base/java.lang.reflect.Constructor.newInstance(Constructor.java:490)
at org.openqa.selenium.remote.codec.w3c.W3CHttpResponseCodec.createException(W3CHttpResponseCodec.java:200)
at org.openqa.selenium.remote.codec.w3c.W3CHttpResponseCodec.decode(W3CHttpResponseCodec.java:133)
at org.openqa.selenium.remote.codec.w3c.W3CHttpResponseCodec.decode(W3CHttpResponseCodec.java:53)
at org.openqa.selenium.remote.HttpCommandExecutor.execute(HttpCommandExecutor.java:184)
at org.openqa.selenium.remote.service.DriverCommandExecutor.invokeExecute(DriverCommandExecutor.java:167)
at org.openqa.selenium.remote.service.DriverCommandExecutor.execute(DriverCommandExecutor.java:142)
at org.openqa.selenium.remote.RemoteWebDriver.execute(RemoteWebDriver.java:543)
at org.openqa.selenium.remote.ElementLocation$ElementFinder$2.findElement(ElementLocation.java:162)
at org.openqa.selenium.remote.ElementLocation.findElement(ElementLocation.java:60)
at org.openqa.selenium.remote.RemoteWebDriver.findElement(RemoteWebDriver.java:352)
at org.openqa.selenium.remote.RemoteWebDriver.findElement(RemoteWebDriver.java:344)
at com.bridgelabz.LinkedinLogin.login(LinkedinLogin.java:10)
at java.base/jdk.internal.reflect.NativeMethodAccessorImpl.invoke0(Native Method)
at java.base/jdk.internal.reflect.NativeMethodAccessorImpl.invoke(NativeMethodAccessorImpl.java:62)
at java.base/jdk.internal.reflect.DelegatingMethodAccessorImpl.invoke(DelegatingMethodAccessorImpl.java:43)
at java.base/java.lang.reflect.Method.invoke(Method.java:566)
at org.testng.internal.invokers.MethodInvocationHelper.invokeMethod(MethodInvocationHelper.java:139)
at org.testng.internal.invokers.TestInvoker.invokeMethod(TestInvoker.java:677)
at org.testng.internal.invokers.TestInvoker.invokeTestMethod(TestInvoker.java:221)
at org.testng.internal.invokers.MethodRunner.runInSequence(MethodRunner.java:50)
at org.testng.internal.invokers.TestInvoker$MethodInvocationAgent.invoke(TestInvoker.java:969)
at org.testng.internal.invokers.TestInvoker.invokeTestMethods(TestInvoker.java:194)
at org.testng.internal.invokers.TestMethodWorker.invokeTestMethods(TestMethodWorker.java:148)
at org.testng.internal.invokers.TestMethodWorker.run(TestMethodWorker.java:128)
at java.base/java.util.ArrayList.forEach(ArrayList.java:1541)
at org.testng.TestRunner.privateRun(TestRunner.java:829)
at org.testng.TestRunner.run(TestRunner.java:602)
at org.testng.SuiteRunner.runTest(SuiteRunner.java:437)
at org.testng.SuiteRunner.runSequentially(SuiteRunner.java:431)
at org.testng.SuiteRunner.privateRun(SuiteRunner.java:391)
at org.testng.SuiteRunner.run(SuiteRunner.java:330)
at org.testng.SuiteRunnerWorker.runSuite(SuiteRunnerWorker.java:52)
at org.testng.SuiteRunnerWorker.run(SuiteRunnerWorker.java:95)
at org.testng.TestNG.runSuitesSequentially(TestNG.java:1256)
at org.testng.TestNG.runSuitesLocally(TestNG.java:1176)
at org.testng.TestNG.runSuites(TestNG.java:1099)
at org.testng.TestNG.run(TestNG.java:1067)
at com.intellij.rt.testng.IDEARemoteTestNG.run(IDEARemoteTestNG.java:66)
at com.intellij.rt.testng.RemoteTestNGStarter.main(RemoteTestNGStarter.java:109)
]]>
            </full-stacktrace>
          </exception> <!-- org.openqa.selenium.NoSuchElementException -->
          <reporter-output>
          </reporter-output>
        </test-method> <!-- login -->
      </class> <!-- com.bridgelabz.LinkedinLogin -->
      <class name="com.bridgelabz.WebinarDataProvider">
        <test-method signature="webinarAutoFill(java.lang.String,java.lang.String)[pri:0, instance:com.bridgelabz.WebinarDataProvider@3514a4c0]" started-at="2023-03-04T11:57:42 IST" name="webinarAutoFill" description="To use dataprovider for autofilling multiple data" data-provider="dataprovider" finished-at="2023-03-04T11:57:45 IST" duration-ms="3093" status="PASS">
          <params>
            <param index="0">
              <value>
                <![CDATA[8544370256]]>
              </value>
            </param>
            <param index="1">
              <value>
                <![CDATA[abc@gmail.com]]>
              </value>
            </param>
          </params>
          <reporter-output>
          </reporter-output>
        </test-method> <!-- webinarAutoFill -->
        <test-method signature="webinarAutoFill(java.lang.String,java.lang.String)[pri:0, instance:com.bridgelabz.WebinarDataProvider@3514a4c0]" started-at="2023-03-04T11:57:45 IST" name="webinarAutoFill" description="To use dataprovider for autofilling multiple data" data-provider="dataprovider" finished-at="2023-03-04T11:57:47 IST" duration-ms="1823" status="PASS">
          <params>
            <param index="0">
              <value>
                <![CDATA[7586952365]]>
              </value>
            </param>
            <param index="1">
              <value>
                <![CDATA[fgj@gmail.com]]>
              </value>
            </param>
          </params>
          <reporter-output>
          </reporter-output>
        </test-method> <!-- webinarAutoFill -->
        <test-method signature="webinarAutoFill(java.lang.String,java.lang.String)[pri:0, instance:com.bridgelabz.WebinarDataProvider@3514a4c0]" started-at="2023-03-04T11:57:47 IST" name="webinarAutoFill" description="To use dataprovider for autofilling multiple data" data-provider="dataprovider" finished-at="2023-03-04T11:57:49 IST" duration-ms="1810" status="PASS">
          <params>
            <param index="0">
              <value>
                <![CDATA[9865362569]]>
              </value>
            </param>
            <param index="1">
              <value>
                <![CDATA[hkj@gmail.com]]>
              </value>
            </param>
          </params>
          <reporter-output>
          </reporter-output>
        </test-method> <!-- webinarAutoFill -->
      </class> <!-- com.bridgelabz.WebinarDataProvider -->
      <class name="com.bridgelabz.FacebookLogin">
        <test-method is-config="true" signature="setup(java.lang.String)[pri:0, instance:com.bridgelabz.FacebookLogin@6a84a97d]" started-at="2023-03-04T11:56:57 IST" name="setup" finished-at="2023-03-04T11:56:59 IST" duration-ms="2072" status="PASS">
          <params>
            <param index="0">
              <value>
                <![CDATA[Chrome]]>
              </value>
            </param>
          </params>
          <reporter-output>
          </reporter-output>
        </test-method> <!-- setup -->
        <test-method signature="login()[pri:0, instance:com.bridgelabz.FacebookLogin@6a84a97d]" started-at="2023-03-04T11:56:59 IST" name="login" finished-at="2023-03-04T11:57:04 IST" duration-ms="5567" status="PASS">
          <reporter-output>
          </reporter-output>
        </test-method> <!-- login -->
        <test-method is-config="true" signature="tearDown()[pri:0, instance:com.bridgelabz.FacebookLogin@6a84a97d]" started-at="2023-03-04T11:57:49 IST" name="tearDown" finished-at="2023-03-04T11:57:49 IST" duration-ms="90" status="PASS">
          <reporter-output>
          </reporter-output>
        </test-method> <!-- tearDown -->
      </class> <!-- com.bridgelabz.FacebookLogin -->
      <class name="com.bridgelabz.LinkedIn_Robot">
        <test-method signature="robot_LinkedIn_Login()[pri:0, instance:com.bridgelabz.LinkedIn_Robot@932bc4a]" started-at="2023-03-04T11:57:04 IST" name="robot_LinkedIn_Login" finished-at="2023-03-04T11:57:21 IST" duration-ms="16349" status="PASS">
          <reporter-output>
          </reporter-output>
        </test-method> <!-- robot_LinkedIn_Login -->
      </class> <!-- com.bridgelabz.LinkedIn_Robot -->
    </test> <!-- C:/Users/atulk/IdeaProjects/TestNG-java -->
  </suite> <!-- All Test Suite -->
</testng-results>
